<?xml version="1.0" encoding="UTF-8"?>
<!-- Generated by org.testng.reporters.JUnitXMLReporter -->
<testsuite ignored="3" hostname="OMAR-ZAHEDAH" failures="0" tests="1" name="Default test" time="7.946" errors="0" timestamp="2025-07-12T17:38:56 EET">
  <testcase classname="loginPage.MyTestCase" name="addToCard" time="6.081"/>
  <testcase classname="loginPage.MyTestCase" name="Singup" time="0.0">
    <ignored/>
  </testcase> <!-- Singup -->
  <testcase classname="loginPage.MyTestCase" name="Login" time="0.0">
    <ignored/>
  </testcase> <!-- Login -->
  <testcase classname="loginPage.MyTestCase" name="Logout" time="0.0">
    <ignored/>
  </testcase> <!-- Logout -->
</testsuite> <!-- Default test -->
