<?xml version="1.0" encoding="UTF-8"?>
<testng-results ignored="0" total="1" passed="1" failed="0" skipped="0">
  <reporter-output>
  </reporter-output>
  <suite started-at="2025-07-12T14:38:31 EET" name="Default suite" finished-at="2025-07-12T14:38:40 EET" duration-ms="8756">
    <groups>
    </groups>
    <test started-at="2025-07-12T14:38:31 EET" name="Default test" finished-at="2025-07-12T14:38:40 EET" duration-ms="8756">
      <class name="loginPage.MyTestCase">
        <test-method is-config="true" signature="mysetup()[pri:0, instance:loginPage.MyTestCase@4983159f]" started-at="2025-07-12T14:38:31 EET" name="mysetup" finished-at="2025-07-12T14:38:34 EET" duration-ms="2717" status="PASS">
          <reporter-output>
          </reporter-output>
        </test-method> <!-- mysetup -->
        <test-method signature="Singup()[pri:0, instance:loginPage.MyTestCase@4983159f]" started-at="2025-07-12T14:38:34 EET" name="Singup" finished-at="2025-07-12T14:38:40 EET" duration-ms="5948" status="PASS">
          <reporter-output>
          </reporter-output>
        </test-method> <!-- Singup -->
      </class> <!-- loginPage.MyTestCase -->
    </test> <!-- Default test -->
  </suite> <!-- Default suite -->
</testng-results>
